# JRE version: Java(TM) SE Runtime Environment (17.0.12+8) (build 17.0.12+8-LTS-286)
# Java VM: Java HotSpot(TM) 64-Bit Server VM (17.0.12+8-LTS-286, mixed mode, sharing, tiered, compressed oops, compressed class ptrs, g1 gc, windows-amd64)
GC Precious Log:
 CPUs: 16 total, 16 available
 Memory: 7751M
 Large Page Support: Disabled
 NUMA Support: Disabled
 Compressed Oops: Enabled (32-bit)
 Heap Region Size: 1M
 Heap Min Capacity: 256M
 Heap Initial Capacity: 256M
 Heap Max Capacity: 512M
 Pre-touch: Disabled
 Parallel Workers: 13
 Concurrent Workers: 3
 Concurrent Refinement Workers: 13
 Periodic GC: Disabled
Heap:
 garbage-first heap   total 262144K, used 195695K [0x00000000e0000000, 0x0000000100000000)
  region size 1024K, 112 young (114688K), 11 survivors (11264K)
 Metaspace       used 77998K, committed 78720K, reserved 458752K
  class space    used 10320K, committed 10624K, reserved 327680K
GC Heap History (20 events):
Event: 1.536 GC heap before
{Heap before GC invocations=2 (full 0):
 garbage-first heap   total 262144K, used 79890K [0x00000000e0000000, 0x0000000100000000)
  region size 1024K, 70 young (71680K), 5 survivors (5120K)
 Metaspace       used 8327K, committed 8576K, reserved 393216K
  class space    used 1103K, committed 1216K, reserved 327680K
}
Event: 1.541 GC heap after
{Heap after GC invocations=3 (full 0):
 garbage-first heap   total 262144K, used 18351K [0x00000000e0000000, 0x0000000100000000)
  region size 1024K, 9 young (9216K), 9 survivors (9216K)
 Metaspace       used 8327K, committed 8576K, reserved 393216K
  class space    used 1103K, committed 1216K, reserved 327680K
}
Event: 3.433 GC heap before
{Heap before GC invocations=3 (full 0):
 garbage-first heap   total 262144K, used 112559K [0x00000000e0000000, 0x0000000100000000)
  region size 1024K, 102 young (104448K), 9 survivors (9216K)
 Metaspace       used 21153K, committed 21504K, reserved 393216K
  class space    used 3048K, committed 3200K, reserved 327680K
}
Event: 3.447 GC heap after
{Heap after GC invocations=4 (full 0):
 garbage-first heap   total 262144K, used 24034K [0x00000000e0000000, 0x0000000100000000)
  region size 1024K, 15 young (15360K), 15 survivors (15360K)
 Metaspace       used 21153K, committed 21504K, reserved 393216K
  class space    used 3048K, committed 3200K, reserved 327680K
}
Event: 7.877 GC heap before
{Heap before GC invocations=5 (full 0):
 garbage-first heap   total 262144K, used 141794K [0x00000000e0000000, 0x0000000100000000)
  region size 1024K, 132 young (135168K), 15 survivors (15360K)
 Metaspace       used 35609K, committed 35968K, reserved 393216K
  class space    used 5015K, committed 5184K, reserved 327680K
}
Event: 7.893 GC heap after
{Heap after GC invocations=6 (full 0):
 garbage-first heap   total 262144K, used 32332K [0x00000000e0000000, 0x0000000100000000)
  region size 1024K, 19 young (19456K), 19 survivors (19456K)
 Metaspace       used 35609K, committed 35968K, reserved 393216K
  class space    used 5015K, committed 5184K, reserved 327680K
}
Event: 13.632 GC heap before
{Heap before GC invocations=7 (full 0):
 garbage-first heap   total 262144K, used 175692K [0x00000000e0000000, 0x0000000100000000)
  region size 1024K, 153 young (156672K), 19 survivors (19456K)
 Metaspace       used 53361K, committed 53888K, reserved 393216K
  class space    used 7364K, committed 7616K, reserved 327680K
}
Event: 13.654 GC heap after
{Heap after GC invocations=8 (full 0):
 garbage-first heap   total 262144K, used 39844K [0x00000000e0000000, 0x0000000100000000)
  region size 1024K, 16 young (16384K), 16 survivors (16384K)
 Metaspace       used 53361K, committed 53888K, reserved 393216K
  class space    used 7364K, committed 7616K, reserved 327680K
}
Event: 15.928 GC heap before
{Heap before GC invocations=8 (full 0):
 garbage-first heap   total 262144K, used 129956K [0x00000000e0000000, 0x0000000100000000)
  region size 1024K, 105 young (107520K), 16 survivors (16384K)
 Metaspace       used 59525K, committed 60096K, reserved 393216K
  class space    used 8261K, committed 8512K, reserved 327680K
}
Event: 15.948 GC heap after
{Heap after GC invocations=9 (full 0):
 garbage-first heap   total 262144K, used 48305K [0x00000000e0000000, 0x0000000100000000)
  region size 1024K, 17 young (17408K), 17 survivors (17408K)
 Metaspace       used 59525K, committed 60096K, reserved 393216K
  class space    used 8261K, committed 8512K, reserved 327680K
}
Event: 20.309 GC heap before
{Heap before GC invocations=10 (full 0):
 garbage-first heap   total 262144K, used 187569K [0x00000000e0000000, 0x0000000100000000)
  region size 1024K, 153 young (156672K), 17 survivors (17408K)
 Metaspace       used 61633K, committed 62272K, reserved 393216K
  class space    used 8339K, committed 8640K, reserved 327680K
}
Event: 20.332 GC heap after
{Heap after GC invocations=11 (full 0):
 garbage-first heap   total 262144K, used 59914K [0x00000000e0000000, 0x0000000100000000)
  region size 1024K, 20 young (20480K), 20 survivors (20480K)
 Metaspace       used 61633K, committed 62272K, reserved 393216K
  class space    used 8339K, committed 8640K, reserved 327680K
}
Event: 20.355 GC heap before
{Heap before GC invocations=11 (full 0):
 garbage-first heap   total 262144K, used 60938K [0x00000000e0000000, 0x0000000100000000)
  region size 1024K, 21 young (21504K), 20 survivors (20480K)
 Metaspace       used 61635K, committed 62272K, reserved 393216K
  class space    used 8339K, committed 8640K, reserved 327680K
}
Event: 20.372 GC heap after
{Heap after GC invocations=12 (full 0):
 garbage-first heap   total 262144K, used 62199K [0x00000000e0000000, 0x0000000100000000)
  region size 1024K, 3 young (3072K), 3 survivors (3072K)
 Metaspace       used 61635K, committed 62272K, reserved 393216K
  class space    used 8339K, committed 8640K, reserved 327680K
}
Event: 26.261 GC heap before
{Heap before GC invocations=12 (full 0):
 garbage-first heap   total 262144K, used 203511K [0x00000000e0000000, 0x0000000100000000)
  region size 1024K, 141 young (144384K), 3 survivors (3072K)
 Metaspace       used 72444K, committed 73024K, reserved 393216K
  class space    used 9796K, committed 10048K, reserved 327680K
}
Event: 26.277 GC heap after
{Heap after GC invocations=13 (full 0):
 garbage-first heap   total 262144K, used 82633K [0x00000000e0000000, 0x0000000100000000)
  region size 1024K, 18 young (18432K), 18 survivors (18432K)
 Metaspace       used 72444K, committed 73024K, reserved 393216K
  class space    used 9796K, committed 10048K, reserved 327680K
}
Event: 29.081 GC heap before
{Heap before GC invocations=13 (full 0):
 garbage-first heap   total 262144K, used 197321K [0x00000000e0000000, 0x0000000100000000)
  region size 1024K, 130 young (133120K), 18 survivors (18432K)
 Metaspace       used 75366K, committed 76096K, reserved 458752K
  class space    used 10074K, committed 10432K, reserved 327680K
}
Event: 29.126 GC heap after
{Heap after GC invocations=14 (full 0):
 garbage-first heap   total 262144K, used 91697K [0x00000000e0000000, 0x0000000100000000)
  region size 1024K, 9 young (9216K), 9 survivors (9216K)
 Metaspace       used 75366K, committed 76096K, reserved 458752K
  class space    used 10074K, committed 10432K, reserved 327680K
}
Event: 31.201 GC heap before
{Heap before GC invocations=14 (full 0):
 garbage-first heap   total 262144K, used 201265K [0x00000000e0000000, 0x0000000100000000)
  region size 1024K, 116 young (118784K), 9 survivors (9216K)
 Metaspace       used 75672K, committed 76416K, reserved 458752K
  class space    used 10091K, committed 10432K, reserved 327680K
}
Event: 31.213 GC heap after
{Heap after GC invocations=15 (full 0):
 garbage-first heap   total 262144K, used 93295K [0x00000000e0000000, 0x0000000100000000)
  region size 1024K, 11 young (11264K), 11 survivors (11264K)
 Metaspace       used 75672K, committed 76416K, reserved 458752K
  class space    used 10091K, committed 10432K, reserved 327680K
}

